<?xml version="1.0" encoding="UTF-8"?>
<testsuite xmlns:xsi="http://www.w3.org/2001/XMLSchema-instance" xsi:noNamespaceSchemaLocation="https://maven.apache.org/surefire/maven-surefire-plugin/xsd/surefire-test-report-3.0.xsd" version="3.0" name="CalculatorTest" time="0.257" tests="8" errors="0" skipped="0" failures="0">
  <properties>
[...]
</properties>
  <testcase name="factorialFTruePositive" classname="CalculatorTest" time="0.23"/>
  <testcase name="factorialFTrueNegative" classname="CalculatorTest" time="0"/>
  <testcase name="squareRootFTruePositive" classname="CalculatorTest" time="0"/>
  <testcase name="squareRootFTrueNegative" classname="CalculatorTest" time="0.001"/>
  <testcase name="naturalLogarithmFTruePositive" classname="CalculatorTest" time="0.002"/>
  <testcase name="naturalLogarithmFTrueNegative" classname="CalculatorTest" time="0"/>
  <testcase name="powerFTruePositive" classname="CalculatorTest" time="0.001"/>
  <testcase name="powerFTrueNegative" classname="CalculatorTest" time="0"/>
</testsuite>